[1.142s] Invoking command in '/home/rohith/ros2_wc/src/build/my_robot_controller': DEBUGINFOD_URLS=https://debuginfod.ubuntu.com PYTHONPATH=/home/rohith/ros2_wc/src/build/my_robot_controller/prefix_override:/usr/lib/python3/dist-packages/colcon_core/task/python/colcon_distutils_commands:/home/rohith/ros2_wc/src/install/my_robot_controller/lib/python3.12/site-packages:${PYTHONPATH} /usr/bin/python3 -W ignore:setup.py install is deprecated -W ignore:easy_install command is deprecated setup.py develop --editable --build-directory /home/rohith/ros2_wc/src/build/my_robot_controller/build --no-deps symlink_data
[1.593s] running develop
[1.876s] running egg_info
[1.877s] creating my_robot_controller.egg-info
[1.906s] writing my_robot_controller.egg-info/PKG-INFO
[1.907s] writing dependency_links to my_robot_controller.egg-info/dependency_links.txt
[1.907s] writing entry points to my_robot_controller.egg-info/entry_points.txt
[1.907s] writing requirements to my_robot_controller.egg-info/requires.txt
[1.907s] writing top-level names to my_robot_controller.egg-info/top_level.txt
[1.908s] writing manifest file 'my_robot_controller.egg-info/SOURCES.txt'
[1.963s] reading manifest file 'my_robot_controller.egg-info/SOURCES.txt'
[1.963s] writing manifest file 'my_robot_controller.egg-info/SOURCES.txt'
[1.993s] running build_ext
[1.993s] Creating /home/rohith/ros2_wc/src/install/my_robot_controller/lib/python3.12/site-packages/my-robot-controller.egg-link (link to .)
[1.994s] Installing test_node script to /home/rohith/ros2_wc/src/install/my_robot_controller/lib/my_robot_controller
[1.994s] 
[1.995s] Installed /home/rohith/ros2_wc/src/build/my_robot_controller
[1.995s] running symlink_data
[1.995s] creating /home/rohith/ros2_wc/src/install/my_robot_controller/share/ament_index
[1.995s] creating /home/rohith/ros2_wc/src/install/my_robot_controller/share/ament_index/resource_index
[1.995s] creating /home/rohith/ros2_wc/src/install/my_robot_controller/share/ament_index/resource_index/packages
[1.995s] symbolically linking /home/rohith/ros2_wc/src/build/my_robot_controller/resource/my_robot_controller -> /home/rohith/ros2_wc/src/install/my_robot_controller/share/ament_index/resource_index/packages
[1.996s] symbolically linking /home/rohith/ros2_wc/src/build/my_robot_controller/package.xml -> /home/rohith/ros2_wc/src/install/my_robot_controller/share/my_robot_controller
[2.057s] Invoked command in '/home/rohith/ros2_wc/src/build/my_robot_controller' returned '0': DEBUGINFOD_URLS=https://debuginfod.ubuntu.com PYTHONPATH=/home/rohith/ros2_wc/src/build/my_robot_controller/prefix_override:/usr/lib/python3/dist-packages/colcon_core/task/python/colcon_distutils_commands:/home/rohith/ros2_wc/src/install/my_robot_controller/lib/python3.12/site-packages:${PYTHONPATH} /usr/bin/python3 -W ignore:setup.py install is deprecated -W ignore:easy_install command is deprecated setup.py develop --editable --build-directory /home/rohith/ros2_wc/src/build/my_robot_controller/build --no-deps symlink_data
