[1.594s] Invoking command in '/home/rohith/ros2_wc/build/my_robot_controller': DEBUGINFOD_URLS=https://debuginfod.ubuntu.com PYTHONPATH=/home/rohith/ros2_wc/build/my_robot_controller/prefix_override:/usr/lib/python3/dist-packages/colcon_core/task/python/colcon_distutils_commands:/home/rohith/ros2_wc/install/my_robot_controller/lib/python3.12/site-packages:${PYTHONPATH} /usr/bin/python3 -W ignore:setup.py install is deprecated -W ignore:easy_install command is deprecated setup.py develop --editable --build-directory /home/rohith/ros2_wc/build/my_robot_controller/build --no-deps symlink_data
[2.202s] running develop
[2.590s] running egg_info
[2.627s] writing my_robot_controller.egg-info/PKG-INFO
[2.628s] writing dependency_links to my_robot_controller.egg-info/dependency_links.txt
[2.628s] writing entry points to my_robot_controller.egg-info/entry_points.txt
[2.629s] writing requirements to my_robot_controller.egg-info/requires.txt
[2.629s] writing top-level names to my_robot_controller.egg-info/top_level.txt
[2.706s] reading manifest file 'my_robot_controller.egg-info/SOURCES.txt'
[2.707s] writing manifest file 'my_robot_controller.egg-info/SOURCES.txt'
[2.748s] running build_ext
[2.750s] Creating /home/rohith/ros2_wc/install/my_robot_controller/lib/python3.12/site-packages/my-robot-controller.egg-link (link to .)
[2.751s] Installing draw_circle script to /home/rohith/ros2_wc/install/my_robot_controller/lib/my_robot_controller
[2.751s] Installing pose_subscriber script to /home/rohith/ros2_wc/install/my_robot_controller/lib/my_robot_controller
[2.751s] Installing test_node script to /home/rohith/ros2_wc/install/my_robot_controller/lib/my_robot_controller
[2.752s] Installing turtle_controller script to /home/rohith/ros2_wc/install/my_robot_controller/lib/my_robot_controller
[2.752s] 
[2.753s] Installed /home/rohith/ros2_wc/build/my_robot_controller
[2.753s] running symlink_data
[2.845s] Invoked command in '/home/rohith/ros2_wc/build/my_robot_controller' returned '0': DEBUGINFOD_URLS=https://debuginfod.ubuntu.com PYTHONPATH=/home/rohith/ros2_wc/build/my_robot_controller/prefix_override:/usr/lib/python3/dist-packages/colcon_core/task/python/colcon_distutils_commands:/home/rohith/ros2_wc/install/my_robot_controller/lib/python3.12/site-packages:${PYTHONPATH} /usr/bin/python3 -W ignore:setup.py install is deprecated -W ignore:easy_install command is deprecated setup.py develop --editable --build-directory /home/rohith/ros2_wc/build/my_robot_controller/build --no-deps symlink_data
