[1.153s] Invoking command in '/home/rohith/ros2_wc/build/my_robot_controller': DEBUGINFOD_URLS=https://debuginfod.ubuntu.com PYTHONPATH=/home/rohith/ros2_wc/build/my_robot_controller/prefix_override:/usr/lib/python3/dist-packages/colcon_core/task/python/colcon_distutils_commands:/home/rohith/ros2_wc/install/my_robot_controller/lib/python3.12/site-packages:${PYTHONPATH} /usr/bin/python3 -W ignore:setup.py install is deprecated -W ignore:easy_install command is deprecated setup.py develop --uninstall --editable --build-directory /home/rohith/ros2_wc/build/my_robot_controller/build
[1.574s] running develop
[1.958s] Removing /home/rohith/ros2_wc/install/my_robot_controller/lib/python3.12/site-packages/my-robot-controller.egg-link (link to .)
[2.045s] Invoked command in '/home/rohith/ros2_wc/build/my_robot_controller' returned '0': DEBUGINFOD_URLS=https://debuginfod.ubuntu.com PYTHONPATH=/home/rohith/ros2_wc/build/my_robot_controller/prefix_override:/usr/lib/python3/dist-packages/colcon_core/task/python/colcon_distutils_commands:/home/rohith/ros2_wc/install/my_robot_controller/lib/python3.12/site-packages:${PYTHONPATH} /usr/bin/python3 -W ignore:setup.py install is deprecated -W ignore:easy_install command is deprecated setup.py develop --uninstall --editable --build-directory /home/rohith/ros2_wc/build/my_robot_controller/build
[2.046s] Invoking command in '/home/rohith/ros2_wc/src/my_robot_controller': DEBUGINFOD_URLS=https://debuginfod.ubuntu.com PYTHONPATH=/home/rohith/ros2_wc/build/my_robot_controller/prefix_override:/usr/lib/python3/dist-packages/colcon_core/task/python/colcon_distutils_commands:/home/rohith/ros2_wc/install/my_robot_controller/lib/python3.12/site-packages:${PYTHONPATH} /usr/bin/python3 -W ignore:setup.py install is deprecated -W ignore:easy_install command is deprecated setup.py egg_info --egg-base ../../build/my_robot_controller build --build-base /home/rohith/ros2_wc/build/my_robot_controller/build install --record /home/rohith/ros2_wc/build/my_robot_controller/install.log --single-version-externally-managed install_data --force
[2.456s] running egg_info
[2.486s] writing ../../build/my_robot_controller/my_robot_controller.egg-info/PKG-INFO
[2.487s] writing dependency_links to ../../build/my_robot_controller/my_robot_controller.egg-info/dependency_links.txt
[2.488s] writing entry points to ../../build/my_robot_controller/my_robot_controller.egg-info/entry_points.txt
[2.488s] writing requirements to ../../build/my_robot_controller/my_robot_controller.egg-info/requires.txt
[2.488s] writing top-level names to ../../build/my_robot_controller/my_robot_controller.egg-info/top_level.txt
[2.548s] reading manifest file '../../build/my_robot_controller/my_robot_controller.egg-info/SOURCES.txt'
[2.549s] writing manifest file '../../build/my_robot_controller/my_robot_controller.egg-info/SOURCES.txt'
[2.550s] running build
[2.552s] running build_py
[2.552s] creating /home/rohith/ros2_wc/build/my_robot_controller/build
[2.552s] creating /home/rohith/ros2_wc/build/my_robot_controller/build/lib
[2.552s] creating /home/rohith/ros2_wc/build/my_robot_controller/build/lib/my_robot_controller
[2.552s] copying my_robot_controller/pose_subscriber.py -> /home/rohith/ros2_wc/build/my_robot_controller/build/lib/my_robot_controller
[2.552s] copying my_robot_controller/__init__.py -> /home/rohith/ros2_wc/build/my_robot_controller/build/lib/my_robot_controller
[2.552s] copying my_robot_controller/add_two_ints_client.py -> /home/rohith/ros2_wc/build/my_robot_controller/build/lib/my_robot_controller
[2.552s] copying my_robot_controller/turtle_controller.py -> /home/rohith/ros2_wc/build/my_robot_controller/build/lib/my_robot_controller
[2.553s] copying my_robot_controller/my_first_node.py -> /home/rohith/ros2_wc/build/my_robot_controller/build/lib/my_robot_controller
[2.553s] copying my_robot_controller/add_two_ints_server.py -> /home/rohith/ros2_wc/build/my_robot_controller/build/lib/my_robot_controller
[2.554s] copying my_robot_controller/draw_circle.py -> /home/rohith/ros2_wc/build/my_robot_controller/build/lib/my_robot_controller
[2.554s] running install
[2.563s] running install_lib
[2.591s] creating /home/rohith/ros2_wc/install/my_robot_controller/lib/python3.12/site-packages/my_robot_controller
[2.592s] copying /home/rohith/ros2_wc/build/my_robot_controller/build/lib/my_robot_controller/pose_subscriber.py -> /home/rohith/ros2_wc/install/my_robot_controller/lib/python3.12/site-packages/my_robot_controller
[2.592s] copying /home/rohith/ros2_wc/build/my_robot_controller/build/lib/my_robot_controller/__init__.py -> /home/rohith/ros2_wc/install/my_robot_controller/lib/python3.12/site-packages/my_robot_controller
[2.592s] copying /home/rohith/ros2_wc/build/my_robot_controller/build/lib/my_robot_controller/add_two_ints_client.py -> /home/rohith/ros2_wc/install/my_robot_controller/lib/python3.12/site-packages/my_robot_controller
[2.593s] copying /home/rohith/ros2_wc/build/my_robot_controller/build/lib/my_robot_controller/turtle_controller.py -> /home/rohith/ros2_wc/install/my_robot_controller/lib/python3.12/site-packages/my_robot_controller
[2.593s] copying /home/rohith/ros2_wc/build/my_robot_controller/build/lib/my_robot_controller/my_first_node.py -> /home/rohith/ros2_wc/install/my_robot_controller/lib/python3.12/site-packages/my_robot_controller
[2.593s] copying /home/rohith/ros2_wc/build/my_robot_controller/build/lib/my_robot_controller/add_two_ints_server.py -> /home/rohith/ros2_wc/install/my_robot_controller/lib/python3.12/site-packages/my_robot_controller
[2.593s] copying /home/rohith/ros2_wc/build/my_robot_controller/build/lib/my_robot_controller/draw_circle.py -> /home/rohith/ros2_wc/install/my_robot_controller/lib/python3.12/site-packages/my_robot_controller
[2.597s] byte-compiling /home/rohith/ros2_wc/install/my_robot_controller/lib/python3.12/site-packages/my_robot_controller/pose_subscriber.py to pose_subscriber.cpython-312.pyc
[2.597s] byte-compiling /home/rohith/ros2_wc/install/my_robot_controller/lib/python3.12/site-packages/my_robot_controller/__init__.py to __init__.cpython-312.pyc
[2.601s] byte-compiling /home/rohith/ros2_wc/install/my_robot_controller/lib/python3.12/site-packages/my_robot_controller/add_two_ints_client.py to add_two_ints_client.cpython-312.pyc
[2.602s] byte-compiling /home/rohith/ros2_wc/install/my_robot_controller/lib/python3.12/site-packages/my_robot_controller/turtle_controller.py to turtle_controller.cpython-312.pyc
[2.604s] byte-compiling /home/rohith/ros2_wc/install/my_robot_controller/lib/python3.12/site-packages/my_robot_controller/my_first_node.py to my_first_node.cpython-312.pyc
[2.605s] byte-compiling /home/rohith/ros2_wc/install/my_robot_controller/lib/python3.12/site-packages/my_robot_controller/add_two_ints_server.py to add_two_ints_server.cpython-312.pyc
[2.606s] byte-compiling /home/rohith/ros2_wc/install/my_robot_controller/lib/python3.12/site-packages/my_robot_controller/draw_circle.py to draw_circle.cpython-312.pyc
[2.606s] running install_data
[2.606s] copying resource/my_robot_controller -> /home/rohith/ros2_wc/install/my_robot_controller/share/ament_index/resource_index/packages
[2.607s] copying package.xml -> /home/rohith/ros2_wc/install/my_robot_controller/share/my_robot_controller
[2.607s] running install_egg_info
[2.638s] Copying ../../build/my_robot_controller/my_robot_controller.egg-info to /home/rohith/ros2_wc/install/my_robot_controller/lib/python3.12/site-packages/my_robot_controller-0.0.0-py3.12.egg-info
[2.734s] running install_scripts
[2.930s] Installing draw_circle script to /home/rohith/ros2_wc/install/my_robot_controller/lib/my_robot_controller
[2.930s] Installing pose_subscriber script to /home/rohith/ros2_wc/install/my_robot_controller/lib/my_robot_controller
[2.933s] Installing test_node script to /home/rohith/ros2_wc/install/my_robot_controller/lib/my_robot_controller
[2.933s] Installing turtle_controller script to /home/rohith/ros2_wc/install/my_robot_controller/lib/my_robot_controller
[2.934s] writing list of installed files to '/home/rohith/ros2_wc/build/my_robot_controller/install.log'
[2.981s] Invoked command in '/home/rohith/ros2_wc/src/my_robot_controller' returned '0': DEBUGINFOD_URLS=https://debuginfod.ubuntu.com PYTHONPATH=/home/rohith/ros2_wc/build/my_robot_controller/prefix_override:/usr/lib/python3/dist-packages/colcon_core/task/python/colcon_distutils_commands:/home/rohith/ros2_wc/install/my_robot_controller/lib/python3.12/site-packages:${PYTHONPATH} /usr/bin/python3 -W ignore:setup.py install is deprecated -W ignore:easy_install command is deprecated setup.py egg_info --egg-base ../../build/my_robot_controller build --build-base /home/rohith/ros2_wc/build/my_robot_controller/build install --record /home/rohith/ros2_wc/build/my_robot_controller/install.log --single-version-externally-managed install_data --force
