/home/rohith/ros2_wc/install/my_robot_controller/lib/python3.12/site-packages/my_robot_controller/pose_subscriber.py
/home/rohith/ros2_wc/install/my_robot_controller/lib/python3.12/site-packages/my_robot_controller/count_until_client.py
/home/rohith/ros2_wc/install/my_robot_controller/lib/python3.12/site-packages/my_robot_controller/__init__.py
/home/rohith/ros2_wc/install/my_robot_controller/lib/python3.12/site-packages/my_robot_controller/count_until_server.py
/home/rohith/ros2_wc/install/my_robot_controller/lib/python3.12/site-packages/my_robot_controller/add_two_ints_client.py
/home/rohith/ros2_wc/install/my_robot_controller/lib/python3.12/site-packages/my_robot_controller/turtle_controller.py
/home/rohith/ros2_wc/install/my_robot_controller/lib/python3.12/site-packages/my_robot_controller/my_first_node.py
/home/rohith/ros2_wc/install/my_robot_controller/lib/python3.12/site-packages/my_robot_controller/add_two_ints_server.py
/home/rohith/ros2_wc/install/my_robot_controller/lib/python3.12/site-packages/my_robot_controller/draw_circle.py
/home/rohith/ros2_wc/install/my_robot_controller/lib/python3.12/site-packages/my_robot_controller/__pycache__/pose_subscriber.cpython-312.pyc
/home/rohith/ros2_wc/install/my_robot_controller/lib/python3.12/site-packages/my_robot_controller/__pycache__/count_until_client.cpython-312.pyc
/home/rohith/ros2_wc/install/my_robot_controller/lib/python3.12/site-packages/my_robot_controller/__pycache__/__init__.cpython-312.pyc
/home/rohith/ros2_wc/install/my_robot_controller/lib/python3.12/site-packages/my_robot_controller/__pycache__/count_until_server.cpython-312.pyc
/home/rohith/ros2_wc/install/my_robot_controller/lib/python3.12/site-packages/my_robot_controller/__pycache__/add_two_ints_client.cpython-312.pyc
/home/rohith/ros2_wc/install/my_robot_controller/lib/python3.12/site-packages/my_robot_controller/__pycache__/turtle_controller.cpython-312.pyc
/home/rohith/ros2_wc/install/my_robot_controller/lib/python3.12/site-packages/my_robot_controller/__pycache__/my_first_node.cpython-312.pyc
/home/rohith/ros2_wc/install/my_robot_controller/lib/python3.12/site-packages/my_robot_controller/__pycache__/add_two_ints_server.cpython-312.pyc
/home/rohith/ros2_wc/install/my_robot_controller/lib/python3.12/site-packages/my_robot_controller/__pycache__/draw_circle.cpython-312.pyc
/home/rohith/ros2_wc/install/my_robot_controller/share/ament_index/resource_index/packages/my_robot_controller
/home/rohith/ros2_wc/install/my_robot_controller/share/my_robot_controller/package.xml
/home/rohith/ros2_wc/install/my_robot_controller/lib/python3.12/site-packages/my_robot_controller-0.0.0-py3.12.egg-info/zip-safe
/home/rohith/ros2_wc/install/my_robot_controller/lib/python3.12/site-packages/my_robot_controller-0.0.0-py3.12.egg-info/top_level.txt
/home/rohith/ros2_wc/install/my_robot_controller/lib/python3.12/site-packages/my_robot_controller-0.0.0-py3.12.egg-info/PKG-INFO
/home/rohith/ros2_wc/install/my_robot_controller/lib/python3.12/site-packages/my_robot_controller-0.0.0-py3.12.egg-info/dependency_links.txt
/home/rohith/ros2_wc/install/my_robot_controller/lib/python3.12/site-packages/my_robot_controller-0.0.0-py3.12.egg-info/requires.txt
/home/rohith/ros2_wc/install/my_robot_controller/lib/python3.12/site-packages/my_robot_controller-0.0.0-py3.12.egg-info/SOURCES.txt
/home/rohith/ros2_wc/install/my_robot_controller/lib/python3.12/site-packages/my_robot_controller-0.0.0-py3.12.egg-info/entry_points.txt
/home/rohith/ros2_wc/install/my_robot_controller/lib/my_robot_controller/add_two_ints_client
/home/rohith/ros2_wc/install/my_robot_controller/lib/my_robot_controller/add_two_ints_server
/home/rohith/ros2_wc/install/my_robot_controller/lib/my_robot_controller/count_until_client
/home/rohith/ros2_wc/install/my_robot_controller/lib/my_robot_controller/count_until_server
/home/rohith/ros2_wc/install/my_robot_controller/lib/my_robot_controller/draw_circle
/home/rohith/ros2_wc/install/my_robot_controller/lib/my_robot_controller/pose_subscriber
/home/rohith/ros2_wc/install/my_robot_controller/lib/my_robot_controller/test_node
/home/rohith/ros2_wc/install/my_robot_controller/lib/my_robot_controller/turtle_controller
