[1.166s] Invoking command in '/home/rohith/ros2_wc/src/my_robot_controller': DEBUGINFOD_URLS=https://debuginfod.ubuntu.com PYTHONPATH=/home/rohith/ros2_wc/build/my_robot_controller/prefix_override:/usr/lib/python3/dist-packages/colcon_core/task/python/colcon_distutils_commands:/home/rohith/ros2_wc/install/my_robot_controller/lib/python3.12/site-packages:${PYTHONPATH} /usr/bin/python3 -W ignore:setup.py install is deprecated -W ignore:easy_install command is deprecated setup.py egg_info --egg-base ../../build/my_robot_controller build --build-base /home/rohith/ros2_wc/build/my_robot_controller/build install --record /home/rohith/ros2_wc/build/my_robot_controller/install.log --single-version-externally-managed install_data
[1.543s] running egg_info
[1.573s] writing ../../build/my_robot_controller/my_robot_controller.egg-info/PKG-INFO
[1.573s] writing dependency_links to ../../build/my_robot_controller/my_robot_controller.egg-info/dependency_links.txt
[1.576s] writing entry points to ../../build/my_robot_controller/my_robot_controller.egg-info/entry_points.txt
[1.576s] writing requirements to ../../build/my_robot_controller/my_robot_controller.egg-info/requires.txt
[1.576s] writing top-level names to ../../build/my_robot_controller/my_robot_controller.egg-info/top_level.txt
[1.630s] reading manifest file '../../build/my_robot_controller/my_robot_controller.egg-info/SOURCES.txt'
[1.631s] writing manifest file '../../build/my_robot_controller/my_robot_controller.egg-info/SOURCES.txt'
[1.632s] running build
[1.632s] running build_py
[1.633s] copying my_robot_controller/count_until_client.py -> /home/rohith/ros2_wc/build/my_robot_controller/build/lib/my_robot_controller
[1.634s] copying my_robot_controller/count_until_server.py -> /home/rohith/ros2_wc/build/my_robot_controller/build/lib/my_robot_controller
[1.634s] copying my_robot_controller/add_two_ints_client.py -> /home/rohith/ros2_wc/build/my_robot_controller/build/lib/my_robot_controller
[1.635s] copying my_robot_controller/turtle_controller.py -> /home/rohith/ros2_wc/build/my_robot_controller/build/lib/my_robot_controller
[1.635s] copying my_robot_controller/add_two_ints_server.py -> /home/rohith/ros2_wc/build/my_robot_controller/build/lib/my_robot_controller
[1.635s] running install
[1.642s] running install_lib
[1.673s] copying /home/rohith/ros2_wc/build/my_robot_controller/build/lib/my_robot_controller/count_until_client.py -> /home/rohith/ros2_wc/install/my_robot_controller/lib/python3.12/site-packages/my_robot_controller
[1.673s] copying /home/rohith/ros2_wc/build/my_robot_controller/build/lib/my_robot_controller/count_until_server.py -> /home/rohith/ros2_wc/install/my_robot_controller/lib/python3.12/site-packages/my_robot_controller
[1.673s] copying /home/rohith/ros2_wc/build/my_robot_controller/build/lib/my_robot_controller/add_two_ints_client.py -> /home/rohith/ros2_wc/install/my_robot_controller/lib/python3.12/site-packages/my_robot_controller
[1.673s] copying /home/rohith/ros2_wc/build/my_robot_controller/build/lib/my_robot_controller/turtle_controller.py -> /home/rohith/ros2_wc/install/my_robot_controller/lib/python3.12/site-packages/my_robot_controller
[1.675s] copying /home/rohith/ros2_wc/build/my_robot_controller/build/lib/my_robot_controller/add_two_ints_server.py -> /home/rohith/ros2_wc/install/my_robot_controller/lib/python3.12/site-packages/my_robot_controller
[1.675s] byte-compiling /home/rohith/ros2_wc/install/my_robot_controller/lib/python3.12/site-packages/my_robot_controller/count_until_client.py to count_until_client.cpython-312.pyc
[1.675s] byte-compiling /home/rohith/ros2_wc/install/my_robot_controller/lib/python3.12/site-packages/my_robot_controller/count_until_server.py to count_until_server.cpython-312.pyc
[1.676s] byte-compiling /home/rohith/ros2_wc/install/my_robot_controller/lib/python3.12/site-packages/my_robot_controller/add_two_ints_client.py to add_two_ints_client.cpython-312.pyc
[1.676s] byte-compiling /home/rohith/ros2_wc/install/my_robot_controller/lib/python3.12/site-packages/my_robot_controller/turtle_controller.py to turtle_controller.cpython-312.pyc
[1.677s] byte-compiling /home/rohith/ros2_wc/install/my_robot_controller/lib/python3.12/site-packages/my_robot_controller/add_two_ints_server.py to add_two_ints_server.cpython-312.pyc
[1.677s] running install_data
[1.677s] copying package.xml -> /home/rohith/ros2_wc/install/my_robot_controller/share/my_robot_controller
[1.677s] running install_egg_info
[1.708s] removing '/home/rohith/ros2_wc/install/my_robot_controller/lib/python3.12/site-packages/my_robot_controller-0.0.0-py3.12.egg-info' (and everything under it)
[1.709s] Copying ../../build/my_robot_controller/my_robot_controller.egg-info to /home/rohith/ros2_wc/install/my_robot_controller/lib/python3.12/site-packages/my_robot_controller-0.0.0-py3.12.egg-info
[1.709s] running install_scripts
[1.893s] Installing add_two_ints_client script to /home/rohith/ros2_wc/install/my_robot_controller/lib/my_robot_controller
[1.894s] Installing add_two_ints_server script to /home/rohith/ros2_wc/install/my_robot_controller/lib/my_robot_controller
[1.894s] Installing count_until_client script to /home/rohith/ros2_wc/install/my_robot_controller/lib/my_robot_controller
[1.894s] Installing count_until_server script to /home/rohith/ros2_wc/install/my_robot_controller/lib/my_robot_controller
[1.894s] Installing draw_circle script to /home/rohith/ros2_wc/install/my_robot_controller/lib/my_robot_controller
[1.894s] Installing pose_subscriber script to /home/rohith/ros2_wc/install/my_robot_controller/lib/my_robot_controller
[1.895s] Installing test_node script to /home/rohith/ros2_wc/install/my_robot_controller/lib/my_robot_controller
[1.895s] Installing turtle_controller script to /home/rohith/ros2_wc/install/my_robot_controller/lib/my_robot_controller
[1.895s] writing list of installed files to '/home/rohith/ros2_wc/build/my_robot_controller/install.log'
[1.942s] Invoked command in '/home/rohith/ros2_wc/src/my_robot_controller' returned '0': DEBUGINFOD_URLS=https://debuginfod.ubuntu.com PYTHONPATH=/home/rohith/ros2_wc/build/my_robot_controller/prefix_override:/usr/lib/python3/dist-packages/colcon_core/task/python/colcon_distutils_commands:/home/rohith/ros2_wc/install/my_robot_controller/lib/python3.12/site-packages:${PYTHONPATH} /usr/bin/python3 -W ignore:setup.py install is deprecated -W ignore:easy_install command is deprecated setup.py egg_info --egg-base ../../build/my_robot_controller build --build-base /home/rohith/ros2_wc/build/my_robot_controller/build install --record /home/rohith/ros2_wc/build/my_robot_controller/install.log --single-version-externally-managed install_data
