[1.691s] Invoking command in '/home/rohith/ros2_wc/build/my_robot_controller': DEBUGINFOD_URLS=https://debuginfod.ubuntu.com PYTHONPATH=/home/rohith/ros2_wc/build/my_robot_controller/prefix_override:/usr/lib/python3/dist-packages/colcon_core/task/python/colcon_distutils_commands:/home/rohith/ros2_wc/install/my_robot_controller/lib/python3.12/site-packages:${PYTHONPATH} /usr/bin/python3 -W ignore:setup.py install is deprecated -W ignore:easy_install command is deprecated setup.py develop --editable --build-directory /home/rohith/ros2_wc/build/my_robot_controller/build --no-deps symlink_data
[2.365s] running develop
[2.788s] running egg_info
[2.828s] writing my_robot_controller.egg-info/PKG-INFO
[2.829s] writing dependency_links to my_robot_controller.egg-info/dependency_links.txt
[2.829s] writing entry points to my_robot_controller.egg-info/entry_points.txt
[2.829s] writing requirements to my_robot_controller.egg-info/requires.txt
[2.830s] writing top-level names to my_robot_controller.egg-info/top_level.txt
[2.908s] reading manifest file 'my_robot_controller.egg-info/SOURCES.txt'
[2.909s] writing manifest file 'my_robot_controller.egg-info/SOURCES.txt'
[2.950s] running build_ext
[2.951s] Creating /home/rohith/ros2_wc/install/my_robot_controller/lib/python3.12/site-packages/my-robot-controller.egg-link (link to .)
[2.954s] Installing draw_circle script to /home/rohith/ros2_wc/install/my_robot_controller/lib/my_robot_controller
[2.954s] Installing pose_subscriber script to /home/rohith/ros2_wc/install/my_robot_controller/lib/my_robot_controller
[2.954s] Installing test_node script to /home/rohith/ros2_wc/install/my_robot_controller/lib/my_robot_controller
[2.955s] Installing turtle_controller script to /home/rohith/ros2_wc/install/my_robot_controller/lib/my_robot_controller
[2.955s] 
[2.955s] Installed /home/rohith/ros2_wc/build/my_robot_controller
[2.955s] running symlink_data
[3.051s] Invoked command in '/home/rohith/ros2_wc/build/my_robot_controller' returned '0': DEBUGINFOD_URLS=https://debuginfod.ubuntu.com PYTHONPATH=/home/rohith/ros2_wc/build/my_robot_controller/prefix_override:/usr/lib/python3/dist-packages/colcon_core/task/python/colcon_distutils_commands:/home/rohith/ros2_wc/install/my_robot_controller/lib/python3.12/site-packages:${PYTHONPATH} /usr/bin/python3 -W ignore:setup.py install is deprecated -W ignore:easy_install command is deprecated setup.py develop --editable --build-directory /home/rohith/ros2_wc/build/my_robot_controller/build --no-deps symlink_data
