running egg_info
writing ../../build/my_robot_controller/my_robot_controller.egg-info/PKG-INFO
writing dependency_links to ../../build/my_robot_controller/my_robot_controller.egg-info/dependency_links.txt
writing entry points to ../../build/my_robot_controller/my_robot_controller.egg-info/entry_points.txt
writing requirements to ../../build/my_robot_controller/my_robot_controller.egg-info/requires.txt
writing top-level names to ../../build/my_robot_controller/my_robot_controller.egg-info/top_level.txt
reading manifest file '../../build/my_robot_controller/my_robot_controller.egg-info/SOURCES.txt'
writing manifest file '../../build/my_robot_controller/my_robot_controller.egg-info/SOURCES.txt'
running build
running build_py
running install
running install_lib
running install_data
copying package.xml -> /home/rohith/ros2_wc/install/my_robot_controller/share/my_robot_controller
running install_egg_info
removing '/home/rohith/ros2_wc/install/my_robot_controller/lib/python3.12/site-packages/my_robot_controller-0.0.0-py3.12.egg-info' (and everything under it)
Copying ../../build/my_robot_controller/my_robot_controller.egg-info to /home/rohith/ros2_wc/install/my_robot_controller/lib/python3.12/site-packages/my_robot_controller-0.0.0-py3.12.egg-info
running install_scripts
Installing add_two_ints_client script to /home/rohith/ros2_wc/install/my_robot_controller/lib/my_robot_controller
Installing add_two_ints_server script to /home/rohith/ros2_wc/install/my_robot_controller/lib/my_robot_controller
Installing count_until_client script to /home/rohith/ros2_wc/install/my_robot_controller/lib/my_robot_controller
Installing count_until_server script to /home/rohith/ros2_wc/install/my_robot_controller/lib/my_robot_controller
Installing draw_circle script to /home/rohith/ros2_wc/install/my_robot_controller/lib/my_robot_controller
Installing pose_subscriber script to /home/rohith/ros2_wc/install/my_robot_controller/lib/my_robot_controller
Installing test_node script to /home/rohith/ros2_wc/install/my_robot_controller/lib/my_robot_controller
Installing turtle_controller script to /home/rohith/ros2_wc/install/my_robot_controller/lib/my_robot_controller
writing list of installed files to '/home/rohith/ros2_wc/build/my_robot_controller/install.log'
