[1.175s] Invoking command in '/home/rohith/ros2_wc/src/my_robot_controller': DEBUGINFOD_URLS=https://debuginfod.ubuntu.com PYTHONPATH=/home/rohith/ros2_wc/build/my_robot_controller/prefix_override:/usr/lib/python3/dist-packages/colcon_core/task/python/colcon_distutils_commands:/home/rohith/ros2_wc/install/my_robot_controller/lib/python3.12/site-packages:${PYTHONPATH} /usr/bin/python3 -W ignore:setup.py install is deprecated -W ignore:easy_install command is deprecated setup.py egg_info --egg-base ../../build/my_robot_controller build --build-base /home/rohith/ros2_wc/build/my_robot_controller/build install --record /home/rohith/ros2_wc/build/my_robot_controller/install.log --single-version-externally-managed install_data
[1.560s] running egg_info
[1.589s] writing ../../build/my_robot_controller/my_robot_controller.egg-info/PKG-INFO
[1.589s] writing dependency_links to ../../build/my_robot_controller/my_robot_controller.egg-info/dependency_links.txt
[1.589s] writing entry points to ../../build/my_robot_controller/my_robot_controller.egg-info/entry_points.txt
[1.589s] writing requirements to ../../build/my_robot_controller/my_robot_controller.egg-info/requires.txt
[1.590s] writing top-level names to ../../build/my_robot_controller/my_robot_controller.egg-info/top_level.txt
[1.651s] reading manifest file '../../build/my_robot_controller/my_robot_controller.egg-info/SOURCES.txt'
[1.652s] writing manifest file '../../build/my_robot_controller/my_robot_controller.egg-info/SOURCES.txt'
[1.653s] running build
[1.653s] running build_py
[1.655s] running install
[1.664s] running install_lib
[1.696s] running install_data
[1.697s] copying package.xml -> /home/rohith/ros2_wc/install/my_robot_controller/share/my_robot_controller
[1.697s] running install_egg_info
[1.727s] removing '/home/rohith/ros2_wc/install/my_robot_controller/lib/python3.12/site-packages/my_robot_controller-0.0.0-py3.12.egg-info' (and everything under it)
[1.728s] Copying ../../build/my_robot_controller/my_robot_controller.egg-info to /home/rohith/ros2_wc/install/my_robot_controller/lib/python3.12/site-packages/my_robot_controller-0.0.0-py3.12.egg-info
[1.729s] running install_scripts
[1.918s] Installing add_two_ints_client script to /home/rohith/ros2_wc/install/my_robot_controller/lib/my_robot_controller
[1.919s] Installing add_two_ints_server script to /home/rohith/ros2_wc/install/my_robot_controller/lib/my_robot_controller
[1.919s] Installing count_until_client script to /home/rohith/ros2_wc/install/my_robot_controller/lib/my_robot_controller
[1.919s] Installing count_until_server script to /home/rohith/ros2_wc/install/my_robot_controller/lib/my_robot_controller
[1.919s] Installing draw_circle script to /home/rohith/ros2_wc/install/my_robot_controller/lib/my_robot_controller
[1.923s] Installing pose_subscriber script to /home/rohith/ros2_wc/install/my_robot_controller/lib/my_robot_controller
[1.923s] Installing test_node script to /home/rohith/ros2_wc/install/my_robot_controller/lib/my_robot_controller
[1.923s] Installing turtle_controller script to /home/rohith/ros2_wc/install/my_robot_controller/lib/my_robot_controller
[1.923s] writing list of installed files to '/home/rohith/ros2_wc/build/my_robot_controller/install.log'
[1.964s] Invoked command in '/home/rohith/ros2_wc/src/my_robot_controller' returned '0': DEBUGINFOD_URLS=https://debuginfod.ubuntu.com PYTHONPATH=/home/rohith/ros2_wc/build/my_robot_controller/prefix_override:/usr/lib/python3/dist-packages/colcon_core/task/python/colcon_distutils_commands:/home/rohith/ros2_wc/install/my_robot_controller/lib/python3.12/site-packages:${PYTHONPATH} /usr/bin/python3 -W ignore:setup.py install is deprecated -W ignore:easy_install command is deprecated setup.py egg_info --egg-base ../../build/my_robot_controller build --build-base /home/rohith/ros2_wc/build/my_robot_controller/build install --record /home/rohith/ros2_wc/build/my_robot_controller/install.log --single-version-externally-managed install_data
