[0.653s] DEBUG:colcon:Command line arguments: ['/usr/bin/colcon', 'list', '-p', '--base-paths', '/home/rohith/ros2_wc']
[0.654s] DEBUG:colcon:Parsed command line arguments: Namespace(log_base=None, log_level=None, verb_name='list', build_base='build', ignore_user_meta=False, metas=['./colcon.meta'], base_paths=['/home/rohith/ros2_wc'], packages_ignore=None, packages_ignore_regex=None, paths=None, packages_up_to=None, packages_up_to_regex=None, packages_above=None, packages_above_and_dependencies=None, packages_above_depth=None, packages_select_by_dep=None, packages_skip_by_dep=None, packages_skip_up_to=None, packages_select_build_failed=False, packages_skip_build_finished=False, packages_select_test_failures=False, packages_skip_test_passed=False, packages_select=None, packages_skip=None, packages_select_regex=None, packages_skip_regex=None, packages_start=None, packages_end=None, allow_overriding=[], topological_order=False, names_only=False, paths_only=True, topological_graph=False, topological_graph_dot=False, topological_graph_density=False, topological_graph_legend=False, topological_graph_dot_cluster=False, topological_graph_dot_include_skipped=False, mixin_files=None, mixin=None, verb_parser=<colcon_mixin.mixin.mixin_argument.MixinArgumentDecorator object at 0x7a5fe6da85f0>, verb_extension=<colcon_package_information.verb.list.ListVerb object at 0x7a5fe6d7e120>, main=<bound method ListVerb.main of <colcon_package_information.verb.list.ListVerb object at 0x7a5fe6d7e120>>, mixin_verb=('list',))
[0.859s] Level 1:colcon.colcon_core.package_discovery:discover_packages(colcon_meta) check parameters
[0.859s] Level 1:colcon.colcon_core.package_discovery:discover_packages(recursive) check parameters
[0.859s] Level 1:colcon.colcon_core.package_discovery:discover_packages(ignore) check parameters
[0.859s] Level 1:colcon.colcon_core.package_discovery:discover_packages(path) check parameters
[0.859s] Level 1:colcon.colcon_core.package_discovery:discover_packages(recursive) discover
[0.860s] INFO:colcon.colcon_core.package_discovery:Crawling recursively for packages in '/home/rohith/ros2_wc'
[0.860s] Level 1:colcon.colcon_core.package_identification:_identify(/home/rohith/ros2_wc) by extensions ['ignore', 'ignore_ament_install']
[0.860s] Level 1:colcon.colcon_core.package_identification:_identify(/home/rohith/ros2_wc) by extension 'ignore'
[0.860s] Level 1:colcon.colcon_core.package_identification:_identify(/home/rohith/ros2_wc) by extension 'ignore_ament_install'
[0.860s] Level 1:colcon.colcon_core.package_identification:_identify(/home/rohith/ros2_wc) by extensions ['colcon_pkg']
[0.860s] Level 1:colcon.colcon_core.package_identification:_identify(/home/rohith/ros2_wc) by extension 'colcon_pkg'
[0.860s] Level 1:colcon.colcon_core.package_identification:_identify(/home/rohith/ros2_wc) by extensions ['colcon_meta']
[0.860s] Level 1:colcon.colcon_core.package_identification:_identify(/home/rohith/ros2_wc) by extension 'colcon_meta'
[0.860s] Level 1:colcon.colcon_core.package_identification:_identify(/home/rohith/ros2_wc) by extensions ['ros']
[0.860s] Level 1:colcon.colcon_core.package_identification:_identify(/home/rohith/ros2_wc) by extension 'ros'
[0.920s] Level 1:colcon.colcon_core.package_identification:_identify(/home/rohith/ros2_wc) by extensions ['cmake', 'python']
[0.920s] Level 1:colcon.colcon_core.package_identification:_identify(/home/rohith/ros2_wc) by extension 'cmake'
[0.920s] Level 1:colcon.colcon_core.package_identification:_identify(/home/rohith/ros2_wc) by extension 'python'
[0.920s] Level 1:colcon.colcon_core.package_identification:_identify(/home/rohith/ros2_wc) by extensions ['python_setup_py']
[0.920s] Level 1:colcon.colcon_core.package_identification:_identify(/home/rohith/ros2_wc) by extension 'python_setup_py'
[0.921s] Level 1:colcon.colcon_core.package_identification:_identify(/home/rohith/ros2_wc/build) by extensions ['ignore', 'ignore_ament_install']
[0.921s] Level 1:colcon.colcon_core.package_identification:_identify(/home/rohith/ros2_wc/build) by extension 'ignore'
[0.921s] Level 1:colcon.colcon_core.package_identification:_identify(/home/rohith/ros2_wc/build) ignored
[0.921s] Level 1:colcon.colcon_core.package_identification:_identify(/home/rohith/ros2_wc/install) by extensions ['ignore', 'ignore_ament_install']
[0.921s] Level 1:colcon.colcon_core.package_identification:_identify(/home/rohith/ros2_wc/install) by extension 'ignore'
[0.921s] Level 1:colcon.colcon_core.package_identification:_identify(/home/rohith/ros2_wc/install) ignored
[0.922s] Level 1:colcon.colcon_core.package_identification:_identify(/home/rohith/ros2_wc/log) by extensions ['ignore', 'ignore_ament_install']
[0.922s] Level 1:colcon.colcon_core.package_identification:_identify(/home/rohith/ros2_wc/log) by extension 'ignore'
[0.922s] Level 1:colcon.colcon_core.package_identification:_identify(/home/rohith/ros2_wc/log) ignored
[0.922s] Level 1:colcon.colcon_core.package_identification:_identify(/home/rohith/ros2_wc/src) by extensions ['ignore', 'ignore_ament_install']
[0.922s] Level 1:colcon.colcon_core.package_identification:_identify(/home/rohith/ros2_wc/src) by extension 'ignore'
[0.922s] Level 1:colcon.colcon_core.package_identification:_identify(/home/rohith/ros2_wc/src) by extension 'ignore_ament_install'
[0.922s] Level 1:colcon.colcon_core.package_identification:_identify(/home/rohith/ros2_wc/src) by extensions ['colcon_pkg']
[0.922s] Level 1:colcon.colcon_core.package_identification:_identify(/home/rohith/ros2_wc/src) by extension 'colcon_pkg'
[0.922s] Level 1:colcon.colcon_core.package_identification:_identify(/home/rohith/ros2_wc/src) by extensions ['colcon_meta']
[0.924s] Level 1:colcon.colcon_core.package_identification:_identify(/home/rohith/ros2_wc/src) by extension 'colcon_meta'
[0.924s] Level 1:colcon.colcon_core.package_identification:_identify(/home/rohith/ros2_wc/src) by extensions ['ros']
[0.924s] Level 1:colcon.colcon_core.package_identification:_identify(/home/rohith/ros2_wc/src) by extension 'ros'
[0.924s] Level 1:colcon.colcon_core.package_identification:_identify(/home/rohith/ros2_wc/src) by extensions ['cmake', 'python']
[0.924s] Level 1:colcon.colcon_core.package_identification:_identify(/home/rohith/ros2_wc/src) by extension 'cmake'
[0.924s] Level 1:colcon.colcon_core.package_identification:_identify(/home/rohith/ros2_wc/src) by extension 'python'
[0.924s] Level 1:colcon.colcon_core.package_identification:_identify(/home/rohith/ros2_wc/src) by extensions ['python_setup_py']
[0.924s] Level 1:colcon.colcon_core.package_identification:_identify(/home/rohith/ros2_wc/src) by extension 'python_setup_py'
[0.925s] Level 1:colcon.colcon_core.package_identification:_identify(/home/rohith/ros2_wc/src/build) by extensions ['ignore', 'ignore_ament_install']
[0.925s] Level 1:colcon.colcon_core.package_identification:_identify(/home/rohith/ros2_wc/src/build) by extension 'ignore'
[0.925s] Level 1:colcon.colcon_core.package_identification:_identify(/home/rohith/ros2_wc/src/build) ignored
[0.925s] Level 1:colcon.colcon_core.package_identification:_identify(/home/rohith/ros2_wc/src/install) by extensions ['ignore', 'ignore_ament_install']
[0.925s] Level 1:colcon.colcon_core.package_identification:_identify(/home/rohith/ros2_wc/src/install) by extension 'ignore'
[0.925s] Level 1:colcon.colcon_core.package_identification:_identify(/home/rohith/ros2_wc/src/install) ignored
[0.925s] Level 1:colcon.colcon_core.package_identification:_identify(/home/rohith/ros2_wc/src/log) by extensions ['ignore', 'ignore_ament_install']
[0.925s] Level 1:colcon.colcon_core.package_identification:_identify(/home/rohith/ros2_wc/src/log) by extension 'ignore'
[0.925s] Level 1:colcon.colcon_core.package_identification:_identify(/home/rohith/ros2_wc/src/log) ignored
[0.926s] Level 1:colcon.colcon_core.package_identification:_identify(/home/rohith/ros2_wc/src/my_robot_controller) by extensions ['ignore', 'ignore_ament_install']
[0.926s] Level 1:colcon.colcon_core.package_identification:_identify(/home/rohith/ros2_wc/src/my_robot_controller) by extension 'ignore'
[0.926s] Level 1:colcon.colcon_core.package_identification:_identify(/home/rohith/ros2_wc/src/my_robot_controller) by extension 'ignore_ament_install'
[0.926s] Level 1:colcon.colcon_core.package_identification:_identify(/home/rohith/ros2_wc/src/my_robot_controller) by extensions ['colcon_pkg']
[0.926s] Level 1:colcon.colcon_core.package_identification:_identify(/home/rohith/ros2_wc/src/my_robot_controller) by extension 'colcon_pkg'
[0.926s] Level 1:colcon.colcon_core.package_identification:_identify(/home/rohith/ros2_wc/src/my_robot_controller) by extensions ['colcon_meta']
[0.926s] Level 1:colcon.colcon_core.package_identification:_identify(/home/rohith/ros2_wc/src/my_robot_controller) by extension 'colcon_meta'
[0.926s] Level 1:colcon.colcon_core.package_identification:_identify(/home/rohith/ros2_wc/src/my_robot_controller) by extensions ['ros']
[0.926s] Level 1:colcon.colcon_core.package_identification:_identify(/home/rohith/ros2_wc/src/my_robot_controller) by extension 'ros'
[0.930s] DEBUG:colcon.colcon_core.package_identification:Package '/home/rohith/ros2_wc/src/my_robot_controller' with type 'ros.ament_python' and name 'my_robot_controller'
[0.930s] Level 1:colcon.colcon_core.package_discovery:discover_packages(recursive) using defaults
